self.absEmax 2.0
Running Model: 1D Tight-Binding with t1=1.0, t2=0.0, t3=-0.5, mu=0.0, domain=Rectangle
Using optimizer: Powell
Saving all outputs to: data/Rectangle/1d-tight-binding/t1_1.0_t2_0.0_t3_-0.5_mu_0.0/Powell
--- Running Variational Ansatz for 1D Tight-Binding (Optimizer: Powell, Initial Guess: rational) ---

--- Optimizing energy for orders u:1, v:1 ---
Generating initial guess from Rational Approximation...
Calculating cost of initial guess...
Initial guess cost: 0.02755873
Starting Powell optimization...
asdd
  Iter: 1, Current Cost: 2.067343e-02
asdd
  Iter: 2, Current Cost: 1.864737e-02
asdd
  Iter: 3, Current Cost: 1.801568e-02
asdd
  Iter: 4, Current Cost: 1.801567e-02
Optimization terminated successfully.
         Current function value: 0.056598
         Iterations: 4
         Function evaluations: 219
0.0180156693627851
Comparison plot saved to: data/Rectangle/1d-tight-binding/t1_1.0_t2_0.0_t3_-0.5_mu_0.0/Powell/fig/1d tight-binding_variational_energy_comparison_u1v1_mu0.0.png

--- Optimizing energy for orders u:2, v:2 ---
Generating initial guess from Rational Approximation...
Calculating cost of initial guess...
Initial guess cost: 0.00337377
Starting Powell optimization...
asdd
  Iter: 1, Current Cost: 3.126852e-03
asdd
  Iter: 2, Current Cost: 2.931132e-03
asdd
  Iter: 3, Current Cost: 2.840196e-03
asdd
  Iter: 4, Current Cost: 2.326217e-03
asdd
  Iter: 5, Current Cost: 2.317807e-03
asdd
  Iter: 6, Current Cost: 2.316700e-03
asdd
  Iter: 7, Current Cost: 2.316312e-03
asdd
  Iter: 8, Current Cost: 2.233854e-03
asdd
  Iter: 9, Current Cost: 2.201162e-03
asdd
  Iter: 10, Current Cost: 2.139784e-03
asdd
  Iter: 11, Current Cost: 2.139639e-03
Optimization terminated successfully.
         Current function value: 0.006722
         Iterations: 11
         Function evaluations: 796
0.0021396392899520685
Comparison plot saved to: data/Rectangle/1d-tight-binding/t1_1.0_t2_0.0_t3_-0.5_mu_0.0/Powell/fig/1d tight-binding_variational_energy_comparison_u2v2_mu0.0.png

--- Optimizing energy for orders u:3, v:3 ---
Generating initial guess from Rational Approximation...
Calculating cost of initial guess...
Initial guess cost: 0.00087330
Starting Powell optimization...
asdd
  Iter: 1, Current Cost: 7.939868e-04
asdd
  Iter: 2, Current Cost: 7.827869e-04
asdd
  Iter: 3, Current Cost: 7.768374e-04
asdd
  Iter: 4, Current Cost: 6.082227e-04
asdd
  Iter: 5, Current Cost: 5.884768e-04
asdd
  Iter: 6, Current Cost: 5.247037e-04
asdd
  Iter: 7, Current Cost: 4.908072e-04
asdd
  Iter: 8, Current Cost: 4.793611e-04
asdd
  Iter: 9, Current Cost: 4.735030e-04
asdd
  Iter: 10, Current Cost: 4.700050e-04
asdd
  Iter: 11, Current Cost: 4.677550e-04
asdd
  Iter: 12, Current Cost: 4.636903e-04
asdd
  Iter: 13, Current Cost: 4.592774e-04
asdd
  Iter: 14, Current Cost: 4.582483e-04
asdd
  Iter: 15, Current Cost: 4.567268e-04
asdd
  Iter: 16, Current Cost: 4.563658e-04
asdd
  Iter: 17, Current Cost: 4.274429e-04
asdd
  Iter: 18, Current Cost: 4.249676e-04
asdd
  Iter: 19, Current Cost: 4.244123e-04
Optimization terminated successfully.
         Current function value: 0.001333
         Iterations: 19
         Function evaluations: 1821
0.0004244122692306031
Comparison plot saved to: data/Rectangle/1d-tight-binding/t1_1.0_t2_0.0_t3_-0.5_mu_0.0/Powell/fig/1d tight-binding_variational_energy_comparison_u3v3_mu0.0.png

--- Optimizing energy for orders u:4, v:4 ---
Generating initial guess from Rational Approximation...
Calculating cost of initial guess...
Initial guess cost: 0.00032126
Starting Powell optimization...
/Users/kangw/Library/CloudStorage/OneDrive-UniversityofPittsburgh/2025/2DGaussian_fPEPS/gitsyn/code/utils.py:41: IntegrationWarning: The maximum number of subdivisions (50) has been achieved.
  If increasing the limit yields no improvement it is advised to analyze 
  the integrand in order to determine the difficulties.  If the position of a 
  local difficulty can be determined (singularity, discontinuity) one will 
  probably gain from splitting up the interval and calling the integrator 
  on the subranges.  Perhaps a special-purpose integrator should be used.
  return quad(func, a, b, args=args, epsabs=self.epsabs, epsrel=self.epsrel, **kwargs)
asdd
  Iter: 1, Current Cost: 2.853052e-04
asdd
  Iter: 2, Current Cost: 2.751855e-04
asdd
  Iter: 3, Current Cost: 2.674956e-04
asdd
  Iter: 4, Current Cost: 2.590580e-04
asdd
  Iter: 5, Current Cost: 2.436154e-04
asdd
  Iter: 6, Current Cost: 2.250791e-04
asdd
  Iter: 7, Current Cost: 2.178746e-04
asdd
  Iter: 8, Current Cost: 1.925426e-04
asdd
  Iter: 9, Current Cost: 1.917569e-04
asdd
  Iter: 10, Current Cost: 1.882462e-04
asdd
  Iter: 11, Current Cost: 1.851811e-04
asdd
  Iter: 12, Current Cost: 1.770432e-04
asdd
  Iter: 13, Current Cost: 1.566354e-04
asdd
  Iter: 14, Current Cost: 1.505452e-04
asdd
  Iter: 15, Current Cost: 1.497015e-04
asdd
  Iter: 16, Current Cost: 1.490074e-04
asdd
  Iter: 17, Current Cost: 1.488183e-04
asdd
  Iter: 18, Current Cost: 1.218488e-04
asdd
  Iter: 19, Current Cost: 1.144867e-04
asdd
  Iter: 20, Current Cost: 1.097321e-04
asdd
  Iter: 21, Current Cost: 1.069798e-04
asdd
  Iter: 22, Current Cost: 1.057289e-04
asdd
  Iter: 23, Current Cost: 1.050141e-04
asdd
  Iter: 24, Current Cost: 1.045405e-04
asdd
  Iter: 25, Current Cost: 1.042547e-04
asdd
  Iter: 26, Current Cost: 1.040404e-04
asdd
  Iter: 27, Current Cost: 1.036246e-04
asdd
  Iter: 28, Current Cost: 1.031510e-04
asdd
  Iter: 29, Current Cost: 1.030695e-04
asdd
  Iter: 30, Current Cost: 1.030216e-04
Optimization terminated successfully.
         Current function value: 0.000324
         Iterations: 30
         Function evaluations: 3394
0.00010302156139853225
Comparison plot saved to: data/Rectangle/1d-tight-binding/t1_1.0_t2_0.0_t3_-0.5_mu_0.0/Powell/fig/1d tight-binding_variational_energy_comparison_u4v4_mu0.0.png

--- Optimizing energy for orders u:5, v:5 ---
Generating initial guess from Rational Approximation...
Calculating cost of initial guess...
Initial guess cost: 0.00014297
Starting Powell optimization...
asdd
  Iter: 1, Current Cost: 1.128585e-04
asdd
  Iter: 2, Current Cost: 9.091527e-05
asdd
  Iter: 3, Current Cost: 8.503391e-05
asdd
  Iter: 4, Current Cost: 8.028940e-05
asdd
  Iter: 5, Current Cost: 7.994831e-05
asdd
  Iter: 6, Current Cost: 7.710805e-05
asdd
  Iter: 7, Current Cost: 7.600772e-05
asdd
  Iter: 8, Current Cost: 6.306248e-05
asdd
  Iter: 9, Current Cost: 6.227256e-05
asdd
  Iter: 10, Current Cost: 5.720777e-05
asdd
  Iter: 11, Current Cost: 5.706016e-05
asdd
  Iter: 12, Current Cost: 5.692011e-05
asdd
  Iter: 13, Current Cost: 5.685711e-05
asdd
  Iter: 14, Current Cost: 5.148103e-05
asdd
  Iter: 15, Current Cost: 4.972726e-05
asdd
  Iter: 16, Current Cost: 4.348647e-05
asdd
  Iter: 17, Current Cost: 4.341973e-05
asdd
  Iter: 18, Current Cost: 4.336157e-05
asdd
  Iter: 19, Current Cost: 4.330867e-05
asdd
  Iter: 20, Current Cost: 4.312889e-05
asdd
  Iter: 21, Current Cost: 4.257258e-05
asdd
  Iter: 22, Current Cost: 4.096836e-05
asdd
  Iter: 23, Current Cost: 3.690943e-05
asdd
  Iter: 24, Current Cost: 3.324388e-05
asdd
  Iter: 25, Current Cost: 3.196558e-05
asdd
  Iter: 26, Current Cost: 3.054147e-05
asdd
  Iter: 27, Current Cost: 3.051199e-05
asdd
  Iter: 28, Current Cost: 3.049311e-05
asdd
  Iter: 29, Current Cost: 3.049165e-05
Optimization terminated successfully.
         Current function value: 0.000096
         Iterations: 29
         Function evaluations: 3846
3.0491649790593345e-05
Comparison plot saved to: data/Rectangle/1d-tight-binding/t1_1.0_t2_0.0_t3_-0.5_mu_0.0/Powell/fig/1d tight-binding_variational_energy_comparison_u5v5_mu0.0.png
Results successfully saved to 'data/Rectangle/1d-tight-binding/t1_1.0_t2_0.0_t3_-0.5_mu_0.0/Powell/data/energy_o1.txt'
Processing results for: 1D Tight-Binding Variational Ansatz (Powell)
Results for energy, order=1
Params: t1=1.0, t2=0.0, t3=-0.5, mu=0.0
Results successfully saved to 'data/Rectangle/1d-tight-binding/t1_1.0_t2_0.0_t3_-0.5_mu_0.0/Powell/data/energy_o1.csv' in CSV format.

==================================================
Run complete for: data/Rectangle/1d-tight-binding/t1_1.0_t2_0.0_t3_-0.5_mu_0.0/Powell
Total Elapsed Time: 67.6872 s
==================================================
